This is pdfTeX, Version 3.14159265-2.6-1.40.16 (TeX Live 2015) (preloaded format=pdflatex 2015.10.20)  21 JUN 2016 12:31
entering extended mode
 restricted \write18 enabled.
 %&-line parsing enabled.
**files.tex
(./files.tex
LaTeX2e <2015/01/01>
Babel <3.9l> and hyphenation patterns for 79 languages loaded.
! Undefined control sequence.
l.1 \section
            {File List}
? 

! LaTeX Error: Missing \begin{document}.

See the LaTeX manual or LaTeX Companion for explanation.
Type  H <return>  for immediate help.
 ...                                              
                                                  
l.1 \section{F
              ile List}
? 
Missing character: There is no F in font nullfont!
Missing character: There is no i in font nullfont!
Missing character: There is no l in font nullfont!
Missing character: There is no e in font nullfont!
Missing character: There is no L in font nullfont!
Missing character: There is no i in font nullfont!
Missing character: There is no s in font nullfont!
Missing character: There is no t in font nullfont!
Missing character: There is no H in font nullfont!
Missing character: There is no e in font nullfont!
Missing character: There is no r in font nullfont!
Missing character: There is no e in font nullfont!
Missing character: There is no i in font nullfont!
Missing character: There is no s in font nullfont!
Missing character: There is no a in font nullfont!
Missing character: There is no l in font nullfont!
Missing character: There is no i in font nullfont!
Missing character: There is no s in font nullfont!
Missing character: There is no t in font nullfont!
Missing character: There is no o in font nullfont!
Missing character: There is no f in font nullfont!
Missing character: There is no a in font nullfont!
Missing character: There is no l in font nullfont!
Missing character: There is no l in font nullfont!
Missing character: There is no f in font nullfont!
Missing character: There is no i in font nullfont!
Missing character: There is no l in font nullfont!
Missing character: There is no e in font nullfont!
Missing character: There is no s in font nullfont!
Missing character: There is no w in font nullfont!
Missing character: There is no i in font nullfont!
Missing character: There is no t in font nullfont!
Missing character: There is no h in font nullfont!
Missing character: There is no b in font nullfont!
Missing character: There is no r in font nullfont!
Missing character: There is no i in font nullfont!
Missing character: There is no e in font nullfont!
Missing character: There is no f in font nullfont!
Missing character: There is no d in font nullfont!
Missing character: There is no e in font nullfont!
Missing character: There is no s in font nullfont!
Missing character: There is no c in font nullfont!
Missing character: There is no r in font nullfont!
Missing character: There is no i in font nullfont!
Missing character: There is no p in font nullfont!
Missing character: There is no t in font nullfont!
Missing character: There is no i in font nullfont!
Missing character: There is no o in font nullfont!
Missing character: There is no n in font nullfont!
Missing character: There is no s in font nullfont!
! Undefined control sequence.
l.2 ...list of all files with brief descriptions\+
                                                  :\begin{DoxyCompactList}
? 
Missing character: There is no : in font nullfont!

! LaTeX Error: Environment DoxyCompactList undefined.

See the LaTeX manual or LaTeX Companion for explanation.
Type  H <return>  for immediate help.
 ...                                              
                                                  
l.2 ...rief descriptions\+:\begin{DoxyCompactList}
                                                  
? 

Overfull \hbox (20.0pt too wide) in paragraph at lines 1--3
[]
 []


! LaTeX Error: Lonely \item--perhaps a missing list environment.

See the LaTeX manual or LaTeX Companion for explanation.
Type  H <return>  for immediate help.
 ...                                              
                                                  
l.3 \item\contentsline
                      {section}{/\+Users/rafael/\+Dropbox/\+C\+Plus\+Plus\+S...

? 
Missing character: There is no / in font nullfont!
! Undefined control sequence.
l.3 \item\contentsline{section}{/\+
                                   Users/rafael/\+Dropbox/\+C\+Plus\+Plus\+S...

? 
Missing character: There is no U in font nullfont!
Missing character: There is no s in font nullfont!
Missing character: There is no e in font nullfont!
Missing character: There is no r in font nullfont!
Missing character: There is no s in font nullfont!
Missing character: There is no / in font nullfont!
Missing character: There is no r in font nullfont!
Missing character: There is no a in font nullfont!
Missing character: There is no f in font nullfont!
Missing character: There is no a in font nullfont!
Missing character: There is no e in font nullfont!
Missing character: There is no l in font nullfont!
Missing character: There is no / in font nullfont!
! Undefined control sequence.
l.3 \item\contentsline{section}{/\+Users/rafael/\+
                                                  Dropbox/\+C\+Plus\+Plus\+S...

? 
Missing character: There is no D in font nullfont!
Missing character: There is no r in font nullfont!
Missing character: There is no o in font nullfont!
Missing character: There is no p in font nullfont!
Missing character: There is no b in font nullfont!
Missing character: There is no o in font nullfont!
Missing character: There is no x in font nullfont!
Missing character: There is no / in font nullfont!
! Undefined control sequence.
l.3 ...sline{section}{/\+Users/rafael/\+Dropbox/\+
                                                  C\+Plus\+Plus\+Seed/src/\h...

? 
Missing character: There is no C in font nullfont!
! Undefined control sequence.
l.3 ...ne{section}{/\+Users/rafael/\+Dropbox/\+C\+
                                                  Plus\+Plus\+Seed/src/\hype...

? 
Missing character: There is no P in font nullfont!
Missing character: There is no l in font nullfont!
Missing character: There is no u in font nullfont!
Missing character: There is no s in font nullfont!
! Undefined control sequence.
l.3 ...tion}{/\+Users/rafael/\+Dropbox/\+C\+Plus\+
                                                  Plus\+Seed/src/\hyperlink{...

? 
Missing character: There is no P in font nullfont!
Missing character: There is no l in font nullfont!
Missing character: There is no u in font nullfont!
Missing character: There is no s in font nullfont!
! Undefined control sequence.
l.3 .../\+Users/rafael/\+Dropbox/\+C\+Plus\+Plus\+
                                                  Seed/src/\hyperlink{main_8...

? 
Missing character: There is no S in font nullfont!
Missing character: There is no e in font nullfont!
Missing character: There is no e in font nullfont!
Missing character: There is no d in font nullfont!
Missing character: There is no / in font nullfont!
Missing character: There is no s in font nullfont!
Missing character: There is no r in font nullfont!
Missing character: There is no c in font nullfont!
Missing character: There is no / in font nullfont!
! Undefined control sequence.
l.3 ...ropbox/\+C\+Plus\+Plus\+Seed/src/\hyperlink
                                                  {main_8cpp}{main.\+cpp} }{...

? 
Missing character: There is no m in font nullfont!
Missing character: There is no a in font nullfont!
Missing character: There is no i in font nullfont!
Missing character: There is no n in font nullfont!
! Missing $ inserted.
<inserted text> 
                $
l.3 .../\+C\+Plus\+Plus\+Seed/src/\hyperlink{main_
                                                  8cpp}{main.\+cpp} }{\pager...

? 
LaTeX Font Info:    External font `cmex10' loaded for size
(Font)              <7> on input line 3.
LaTeX Font Info:    External font `cmex10' loaded for size
(Font)              <5> on input line 3.
! Extra }, or forgotten $.
l.3 ...+Plus\+Plus\+Seed/src/\hyperlink{main_8cpp}
                                                  {main.\+cpp} }{\pageref{df...

? 
! Undefined control sequence.
l.3 ...lus\+Seed/src/\hyperlink{main_8cpp}{main.\+
                                                  cpp} }{\pageref{df/d0a/mai...

? 
! Extra }, or forgotten $.
l.3 ...eed/src/\hyperlink{main_8cpp}{main.\+cpp} }
                                                  {\pageref{df/d0a/main_8cpp...

? 
! Undefined control sequence.
<write> ...ce `df/d0a/main_8cpp' on page \thepage 
                                                  \space undefined\on@line .
l.3 ...p}{main.\+cpp} }{\pageref{df/d0a/main_8cpp}
                                                  }{}
? 

LaTeX Warning: Reference `df/d0a/main_8cpp' on page  undefined on input line 3.



! LaTeX Error: Command \item invalid in math mode.

See the LaTeX manual or LaTeX Companion for explanation.
Type  H <return>  for immediate help.
 ...                                              
                                                  
l.4 \item
         \contentsline{section}{/\+Users/rafael/\+Dropbox/\+C\+Plus\+Plus\+S...

? 

! LaTeX Error: Something's wrong--perhaps a missing \item.

See the LaTeX manual or LaTeX Companion for explanation.
Type  H <return>  for immediate help.
 ...                                              
                                                  
l.4 \item\contentsline
                      {section}{/\+Users/rafael/\+Dropbox/\+C\+Plus\+Plus\+S...

? 

! LaTeX Error: Something's wrong--perhaps a missing \item.

See the LaTeX manual or LaTeX Companion for explanation.
Type  H <return>  for immediate help.
 ...                                              
                                                  
l.4 \item\contentsline
                      {section}{/\+Users/rafael/\+Dropbox/\+C\+Plus\+Plus\+S...

? 

! LaTeX Error: Lonely \item--perhaps a missing list environment.

See the LaTeX manual or LaTeX Companion for explanation.
Type  H <return>  for immediate help.
 ...                                              
                                                  
l.4 \item\contentsline
                      {section}{/\+Users/rafael/\+Dropbox/\+C\+Plus\+Plus\+S...

? 
! Undefined control sequence.
l.4 \item\contentsline{section}{/\+
                                   Users/rafael/\+Dropbox/\+C\+Plus\+Plus\+S...

? 
! Undefined control sequence.
l.4 \item\contentsline{section}{/\+Users/rafael/\+
                                                  Dropbox/\+C\+Plus\+Plus\+S...

? 
! Undefined control sequence.
l.4 ...sline{section}{/\+Users/rafael/\+Dropbox/\+
                                                  C\+Plus\+Plus\+Seed/src/\h...

? 
! Undefined control sequence.
l.4 ...ne{section}{/\+Users/rafael/\+Dropbox/\+C\+
                                                  Plus\+Plus\+Seed/src/\hype...

? 
! Undefined control sequence.
l.4 ...tion}{/\+Users/rafael/\+Dropbox/\+C\+Plus\+
                                                  Plus\+Seed/src/\hyperlink{...

? 
! Undefined control sequence.
l.4 .../\+Users/rafael/\+Dropbox/\+C\+Plus\+Plus\+
                                                  Seed/src/\hyperlink{mathEx...

? 
! Undefined control sequence.
l.4 ...ropbox/\+C\+Plus\+Plus\+Seed/src/\hyperlink
                                                  {mathExamples_8cpp}{math\+...

? 
! Undefined control sequence.
l.4 ...ed/src/\hyperlink{mathExamples_8cpp}{math\+
                                                  Examples.\+cpp} }{\pageref...

? 
! Undefined control sequence.
l.4 ...erlink{mathExamples_8cpp}{math\+Examples.\+
                                                  cpp} }{\pageref{dc/d39/mat...

? 
! Undefined control sequence.
<write> ...39/mathExamples_8cpp' on page \thepage 
                                                  \space undefined\on@line .
l.4 ...\+cpp} }{\pageref{dc/d39/mathExamples_8cpp}
                                                  }{}
? 

LaTeX Warning: Reference `dc/d39/mathExamples_8cpp' on page  undefined on input
 line 4.


! LaTeX Error: Command \item invalid in math mode.

See the LaTeX manual or LaTeX Companion for explanation.
Type  H <return>  for immediate help.
 ...                                              
                                                  
l.5 \item
         \contentsline{section}{/\+Users/rafael/\+Dropbox/\+C\+Plus\+Plus\+S...

? 
! Missing $ inserted.
<inserted text> 
                $
l.5 \item\contentsline
                      {section}{/\+Users/rafael/\+Dropbox/\+C\+Plus\+Plus\+S...

? 

Overfull \hbox (484.47546pt too wide) in paragraph at lines 3--5
[]\OML/cmm/m/it/10 cpp[][][][][][][]$ 
 []


! LaTeX Error: Lonely \item--perhaps a missing list environment.

See the LaTeX manual or LaTeX Companion for explanation.
Type  H <return>  for immediate help.
 ...                                              
                                                  
l.5 \item\contentsline
                      {section}{/\+Users/rafael/\+Dropbox/\+C\+Plus\+Plus\+S...

? 
Missing character: There is no / in font nullfont!
! Undefined control sequence.
l.5 \item\contentsline{section}{/\+
                                   Users/rafael/\+Dropbox/\+C\+Plus\+Plus\+S...

? 
Missing character: There is no U in font nullfont!
Missing character: There is no s in font nullfont!
Missing character: There is no e in font nullfont!
Missing character: There is no r in font nullfont!
Missing character: There is no s in font nullfont!
Missing character: There is no / in font nullfont!
Missing character: There is no r in font nullfont!
Missing character: There is no a in font nullfont!
Missing character: There is no f in font nullfont!
Missing character: There is no a in font nullfont!
Missing character: There is no e in font nullfont!
Missing character: There is no l in font nullfont!
Missing character: There is no / in font nullfont!
! Undefined control sequence.
l.5 \item\contentsline{section}{/\+Users/rafael/\+
                                                  Dropbox/\+C\+Plus\+Plus\+S...

? 
Missing character: There is no D in font nullfont!
Missing character: There is no r in font nullfont!
Missing character: There is no o in font nullfont!
Missing character: There is no p in font nullfont!
Missing character: There is no b in font nullfont!
Missing character: There is no o in font nullfont!
Missing character: There is no x in font nullfont!
Missing character: There is no / in font nullfont!
! Undefined control sequence.
l.5 ...sline{section}{/\+Users/rafael/\+Dropbox/\+
                                                  C\+Plus\+Plus\+Seed/test/\...

? 
Missing character: There is no C in font nullfont!
! Undefined control sequence.
l.5 ...ne{section}{/\+Users/rafael/\+Dropbox/\+C\+
                                                  Plus\+Plus\+Seed/test/\hyp...

? 
Missing character: There is no P in font nullfont!
Missing character: There is no l in font nullfont!
Missing character: There is no u in font nullfont!
Missing character: There is no s in font nullfont!
! Undefined control sequence.
l.5 ...tion}{/\+Users/rafael/\+Dropbox/\+C\+Plus\+
                                                  Plus\+Seed/test/\hyperlink...

? 
Missing character: There is no P in font nullfont!
Missing character: There is no l in font nullfont!
Missing character: There is no u in font nullfont!
Missing character: There is no s in font nullfont!
! Undefined control sequence.
l.5 .../\+Users/rafael/\+Dropbox/\+C\+Plus\+Plus\+
                                                  Seed/test/\hyperlink{unitT...

? 
Missing character: There is no S in font nullfont!
Missing character: There is no e in font nullfont!
Missing character: There is no e in font nullfont!
Missing character: There is no d in font nullfont!
Missing character: There is no / in font nullfont!
Missing character: There is no t in font nullfont!
Missing character: There is no e in font nullfont!
Missing character: There is no s in font nullfont!
Missing character: There is no t in font nullfont!
Missing character: There is no / in font nullfont!
! Undefined control sequence.
l.5 ...opbox/\+C\+Plus\+Plus\+Seed/test/\hyperlink
                                                  {unitTests_8cpp}{unit\+Tes...

? 
Missing character: There is no u in font nullfont!
Missing character: There is no n in font nullfont!
Missing character: There is no i in font nullfont!
Missing character: There is no t in font nullfont!
Missing character: There is no T in font nullfont!
Missing character: There is no e in font nullfont!
Missing character: There is no s in font nullfont!
Missing character: There is no t in font nullfont!
Missing character: There is no s in font nullfont!
! Missing $ inserted.
<inserted text> 
                $
l.5 ...Plus\+Plus\+Seed/test/\hyperlink{unitTests_
                                                  8cpp}{unit\+Tests.\+cpp} }...

? 
! Extra }, or forgotten $.
l.5 ...+Plus\+Seed/test/\hyperlink{unitTests_8cpp}
                                                  {unit\+Tests.\+cpp} }{\pag...

? 
! Undefined control sequence.
l.5 ...Seed/test/\hyperlink{unitTests_8cpp}{unit\+
                                                  Tests.\+cpp} }{\pageref{d4...

? 
! Undefined control sequence.
l.5 ...t/\hyperlink{unitTests_8cpp}{unit\+Tests.\+
                                                  cpp} }{\pageref{d4/d2f/uni...

? 
! Extra }, or forgotten $.
l.5 ...erlink{unitTests_8cpp}{unit\+Tests.\+cpp} }
                                                  {\pageref{d4/d2f/unitTests...

? 
! Undefined control sequence.
<write> ...4/d2f/unitTests_8cpp' on page \thepage 
                                                  \space undefined\on@line .
l.5 ...ts.\+cpp} }{\pageref{d4/d2f/unitTests_8cpp}
                                                  }{}
? 

LaTeX Warning: Reference `d4/d2f/unitTests_8cpp' on page  undefined on input li
ne 5.


! LaTeX Error: \begin{document} ended by \end{DoxyCompactList}.

See the LaTeX manual or LaTeX Companion for explanation.
Type  H <return>  for immediate help.
 ...                                              
                                                  
l.6 \end{DoxyCompactList}
                         
? 
! Missing $ inserted.
<inserted text> 
                $
l.6 \end{DoxyCompactList}
                         
? 
! Missing } inserted.
<inserted text> 
                }
l.6 \end{DoxyCompactList}
                         
? 
! Missing } inserted.
<inserted text> 
                }
l.6 \end{DoxyCompactList}
                         
? 
! Missing } inserted.
<inserted text> 
                }
l.6 \end{DoxyCompactList}
                         
? 
! Missing } inserted.
<inserted text> 
                }
l.6 \end{DoxyCompactList}
                         
? 
)
*

Overfull \hbox (90.5633pt too wide) in paragraph at lines 5--0
[]\OML/cmm/m/it/10 cpp[][][]$ 
 []

(Please type a command or say `\end')
*
(Please type a command or say `\end')
*
(Please type a command or say `\end')
*
(Please type a command or say `\end')
*
(Please type a command or say `\end')
*
(Please type a command or say `\end')
*
(Please type a command or say `\end')
*
(Please type a command or say `\end')
*
(Please type a command or say `\end')
*
(Please type a command or say `\end')
*
(Please type a command or say `\end')
*
(Please type a command or say `\end')
*
(Please type a command or say `\end')
*
(Please type a command or say `\end')
*
(Please type a command or say `\end')
*\end

*end

! LaTeX Error: \begin{document} ended by \end{e}.

See the LaTeX manual or LaTeX Companion for explanation.
Type  H <return>  for immediate help.
 ...                                              
                                                  
<*> e
     nd
? 
! Extra \endgroup.
<recently read> \endgroup 
                          
<*> e
     nd
? y
Type <return> to proceed, S to scroll future error messages,
R to run without stopping, Q to run quietly,
I to insert something, 
1 or ... or 9 to ignore the next 1 to 9 tokens of input,
H for help, X to quit.
? y
Type <return> to proceed, S to scroll future error messages,
R to run without stopping, Q to run quietly,
I to insert something, 
1 or ... or 9 to ignore the next 1 to 9 tokens of input,
H for help, X to quit.
? q
OK, entering \batchmode...

! LaTeX Error: Missing \begin{document}.

See the LaTeX manual or LaTeX Companion for explanation.
Type  H <return>  for immediate help.
 ...                                              
                                                  
<*> en
      d
You're in trouble here.  Try typing  <return>  to proceed.
If that doesn't work, type  X <return>  to quit.

Missing character: There is no n in font nullfont!
Missing character: There is no d in font nullfont!
! Emergency stop.
<*> end
       
*** (job aborted, no legal \end found)

 
Here is how much of TeX's memory you used:
 17 strings out of 493089
 285 string characters out of 6134841
 53199 words of memory out of 5000000
 3601 multiletter control sequences out of 15000+600000
 3948 words of font info for 15 fonts, out of 8000000 for 9000
 1141 hyphenation exceptions out of 8191
 18i,5n,14p,210b,125s stack positions out of 5000i,500n,10000p,200000b,80000s
!  ==> Fatal error occurred, no output PDF file produced!
