\BOOKMARK [0][-]{chapter.1}{\376\377\0001\000\040\000R\000E\000A\000D\000M\000E}{}% 1
\BOOKMARK [0][-]{chapter.2}{\376\377\0002\000\040\000C\000l\000a\000s\000s\000\040\000I\000n\000d\000e\000x}{}% 2
\BOOKMARK [1][-]{section.2.1}{\376\377\0002\000.\0001\000\040\000C\000l\000a\000s\000s\000\040\000L\000i\000s\000t}{chapter.2}% 3
\BOOKMARK [0][-]{chapter.3}{\376\377\0003\000\040\000F\000i\000l\000e\000\040\000I\000n\000d\000e\000x}{}% 4
\BOOKMARK [1][-]{section.3.1}{\376\377\0003\000.\0001\000\040\000F\000i\000l\000e\000\040\000L\000i\000s\000t}{chapter.3}% 5
\BOOKMARK [0][-]{chapter.4}{\376\377\0004\000\040\000C\000l\000a\000s\000s\000\040\000D\000o\000c\000u\000m\000e\000n\000t\000a\000t\000i\000o\000n}{}% 6
\BOOKMARK [1][-]{section.4.1}{\376\377\0004\000.\0001\000\040\000E\000q\000u\000a\000t\000i\000o\000n\000O\000f\000M\000o\000t\000i\000o\000n\000\040\000C\000l\000a\000s\000s\000\040\000R\000e\000f\000e\000r\000e\000n\000c\000e}{chapter.4}% 7
\BOOKMARK [2][-]{subsection.4.1.1}{\376\377\0004\000.\0001\000.\0001\000\040\000C\000o\000n\000s\000t\000r\000u\000c\000t\000o\000r\000\040\000\046\000\040\000D\000e\000s\000t\000r\000u\000c\000t\000o\000r\000\040\000D\000o\000c\000u\000m\000e\000n\000t\000a\000t\000i\000o\000n}{section.4.1}% 8
\BOOKMARK [3][-]{subsubsection.4.1.1.1}{\376\377\0004\000.\0001\000.\0001\000.\0001\000\040\000E\000q\000u\000a\000t\000i\000o\000n\000O\000f\000M\000o\000t\000i\000o\000n}{subsection.4.1.1}% 9
\BOOKMARK [2][-]{subsection.4.1.2}{\376\377\0004\000.\0001\000.\0002\000\040\000M\000e\000m\000b\000e\000r\000\040\000F\000u\000n\000c\000t\000i\000o\000n\000\040\000D\000o\000c\000u\000m\000e\000n\000t\000a\000t\000i\000o\000n}{section.4.1}% 10
\BOOKMARK [3][-]{subsubsection.4.1.2.1}{\376\377\0004\000.\0001\000.\0002\000.\0001\000\040\000E\000u\000l\000e\000r\000M\000e\000t\000h\000o\000d}{subsection.4.1.2}% 11
\BOOKMARK [3][-]{subsubsection.4.1.2.2}{\376\377\0004\000.\0001\000.\0002\000.\0002\000\040\000R\000u\000n\000g\000e\000K\000u\000t\000t\000a\0004\000M\000e\000t\000h\000o\000d}{subsection.4.1.2}% 12
\BOOKMARK [1][-]{section.4.2}{\376\377\0004\000.\0002\000\040\000E\000q\000u\000a\000t\000i\000o\000n\000O\000f\000S\000t\000a\000t\000e\000\040\000C\000l\000a\000s\000s\000\040\000R\000e\000f\000e\000r\000e\000n\000c\000e}{chapter.4}% 13
\BOOKMARK [2][-]{subsection.4.2.1}{\376\377\0004\000.\0002\000.\0001\000\040\000D\000e\000t\000a\000i\000l\000e\000d\000\040\000D\000e\000s\000c\000r\000i\000p\000t\000i\000o\000n}{section.4.2}% 14
\BOOKMARK [2][-]{subsection.4.2.2}{\376\377\0004\000.\0002\000.\0002\000\040\000M\000e\000m\000b\000e\000r\000\040\000F\000u\000n\000c\000t\000i\000o\000n\000\040\000D\000o\000c\000u\000m\000e\000n\000t\000a\000t\000i\000o\000n}{section.4.2}% 15
\BOOKMARK [3][-]{subsubsection.4.2.2.1}{\376\377\0004\000.\0002\000.\0002\000.\0001\000\040\000c\000a\000l\000c\000u\000l\000a\000t\000e\000E\000n\000e\000r\000g\000y\000D\000e\000n\000s\000i\000t\000y}{subsection.4.2.2}% 16
\BOOKMARK [3][-]{subsubsection.4.2.2.2}{\376\377\0004\000.\0002\000.\0002\000.\0002\000\040\000c\000a\000l\000c\000u\000l\000a\000t\000e\000E\000n\000t\000r\000o\000p\000y\000D\000e\000n\000s\000i\000t\000y}{subsection.4.2.2}% 17
\BOOKMARK [3][-]{subsubsection.4.2.2.3}{\376\377\0004\000.\0002\000.\0002\000.\0003\000\040\000c\000a\000l\000c\000u\000l\000a\000t\000e\000P\000r\000e\000s\000s\000u\000r\000e\000D\000e\000n\000s\000i\000t\000y}{subsection.4.2.2}% 18
\BOOKMARK [1][-]{section.4.3}{\376\377\0004\000.\0003\000\040\000I\000d\000e\000a\000l\000E\000q\000u\000a\000t\000i\000o\000n\000O\000f\000S\000t\000a\000t\000e\000\040\000C\000l\000a\000s\000s\000\040\000R\000e\000f\000e\000r\000e\000n\000c\000e}{chapter.4}% 19
\BOOKMARK [2][-]{subsection.4.3.1}{\376\377\0004\000.\0003\000.\0001\000\040\000D\000e\000t\000a\000i\000l\000e\000d\000\040\000D\000e\000s\000c\000r\000i\000p\000t\000i\000o\000n}{section.4.3}% 20
\BOOKMARK [2][-]{subsection.4.3.2}{\376\377\0004\000.\0003\000.\0002\000\040\000M\000e\000m\000b\000e\000r\000\040\000F\000u\000n\000c\000t\000i\000o\000n\000\040\000D\000o\000c\000u\000m\000e\000n\000t\000a\000t\000i\000o\000n}{section.4.3}% 21
\BOOKMARK [3][-]{subsubsection.4.3.2.1}{\376\377\0004\000.\0003\000.\0002\000.\0001\000\040\000c\000a\000l\000c\000u\000l\000a\000t\000e\000E\000n\000e\000r\000g\000y\000D\000e\000n\000s\000i\000t\000y}{subsection.4.3.2}% 22
\BOOKMARK [3][-]{subsubsection.4.3.2.2}{\376\377\0004\000.\0003\000.\0002\000.\0002\000\040\000c\000a\000l\000c\000u\000l\000a\000t\000e\000E\000n\000t\000r\000o\000p\000y\000D\000e\000n\000s\000i\000t\000y}{subsection.4.3.2}% 23
\BOOKMARK [3][-]{subsubsection.4.3.2.3}{\376\377\0004\000.\0003\000.\0002\000.\0003\000\040\000c\000a\000l\000c\000u\000l\000a\000t\000e\000P\000r\000e\000s\000s\000u\000r\000e\000D\000e\000n\000s\000i\000t\000y}{subsection.4.3.2}% 24
\BOOKMARK [1][-]{section.4.4}{\376\377\0004\000.\0004\000\040\000K\000e\000r\000n\000e\000l\000F\000u\000n\000c\000t\000i\000o\000n\000\040\000C\000l\000a\000s\000s\000\040\000R\000e\000f\000e\000r\000e\000n\000c\000e}{chapter.4}% 25
\BOOKMARK [2][-]{subsection.4.4.1}{\376\377\0004\000.\0004\000.\0001\000\040\000M\000e\000m\000b\000e\000r\000\040\000F\000u\000n\000c\000t\000i\000o\000n\000\040\000D\000o\000c\000u\000m\000e\000n\000t\000a\000t\000i\000o\000n}{section.4.4}% 26
\BOOKMARK [3][-]{subsubsection.4.4.1.1}{\376\377\0004\000.\0004\000.\0001\000.\0001\000\040\000k\000e\000r\000n\000e\000l\000F\000u\000n\000c\000t\000i\000o\000n}{subsection.4.4.1}% 27
\BOOKMARK [3][-]{subsubsection.4.4.1.2}{\376\377\0004\000.\0004\000.\0001\000.\0002\000\040\000k\000e\000r\000n\000e\000l\000G\000r\000a\000d\000i\000e\000n\000t}{subsection.4.4.1}% 28
\BOOKMARK [1][-]{section.4.5}{\376\377\0004\000.\0005\000\040\000S\000P\000H\000E\000q\000u\000a\000t\000i\000o\000n\000\040\000C\000l\000a\000s\000s\000\040\000R\000e\000f\000e\000r\000e\000n\000c\000e}{chapter.4}% 29
\BOOKMARK [2][-]{subsection.4.5.1}{\376\377\0004\000.\0005\000.\0001\000\040\000C\000o\000n\000s\000t\000r\000u\000c\000t\000o\000r\000\040\000\046\000\040\000D\000e\000s\000t\000r\000u\000c\000t\000o\000r\000\040\000D\000o\000c\000u\000m\000e\000n\000t\000a\000t\000i\000o\000n}{section.4.5}% 30
\BOOKMARK [3][-]{subsubsection.4.5.1.1}{\376\377\0004\000.\0005\000.\0001\000.\0001\000\040\000S\000P\000H\000E\000q\000u\000a\000t\000i\000o\000n}{subsection.4.5.1}% 31
\BOOKMARK [2][-]{subsection.4.5.2}{\376\377\0004\000.\0005\000.\0002\000\040\000M\000e\000m\000b\000e\000r\000\040\000F\000u\000n\000c\000t\000i\000o\000n\000\040\000D\000o\000c\000u\000m\000e\000n\000t\000a\000t\000i\000o\000n}{section.4.5}% 32
\BOOKMARK [3][-]{subsubsection.4.5.2.1}{\376\377\0004\000.\0005\000.\0002\000.\0001\000\040\000d\000M\000o\000m\000e\000n\000t\000u\000m\000\137\000d\000T\000a\000u}{subsection.4.5.2}% 33
\BOOKMARK [3][-]{subsubsection.4.5.2.2}{\376\377\0004\000.\0005\000.\0002\000.\0002\000\040\000e\000n\000t\000r\000o\000p\000y\000S\000t\000a\000r}{subsection.4.5.2}% 34
\BOOKMARK [1][-]{section.4.6}{\376\377\0004\000.\0006\000\040\000S\000P\000H\000P\000a\000r\000t\000i\000c\000l\000e\000\040\000C\000l\000a\000s\000s\000\040\000R\000e\000f\000e\000r\000e\000n\000c\000e}{chapter.4}% 35
\BOOKMARK [2][-]{subsection.4.6.1}{\376\377\0004\000.\0006\000.\0001\000\040\000C\000o\000n\000s\000t\000r\000u\000c\000t\000o\000r\000\040\000\046\000\040\000D\000e\000s\000t\000r\000u\000c\000t\000o\000r\000\040\000D\000o\000c\000u\000m\000e\000n\000t\000a\000t\000i\000o\000n}{section.4.6}% 36
\BOOKMARK [3][-]{subsubsection.4.6.1.1}{\376\377\0004\000.\0006\000.\0001\000.\0001\000\040\000S\000P\000H\000P\000a\000r\000t\000i\000c\000l\000e}{subsection.4.6.1}% 37
\BOOKMARK [2][-]{subsection.4.6.2}{\376\377\0004\000.\0006\000.\0002\000\040\000M\000e\000m\000b\000e\000r\000\040\000F\000u\000n\000c\000t\000i\000o\000n\000\040\000D\000o\000c\000u\000m\000e\000n\000t\000a\000t\000i\000o\000n}{section.4.6}% 38
\BOOKMARK [3][-]{subsubsection.4.6.2.1}{\376\377\0004\000.\0006\000.\0002\000.\0001\000\040\000C\000a\000l\000c\000u\000l\000a\000t\000e\000E\000n\000t\000r\000o\000p\000y\000D\000e\000n\000s\000i\000t\000y}{subsection.4.6.2}% 39
\BOOKMARK [3][-]{subsubsection.4.6.2.2}{\376\377\0004\000.\0006\000.\0002\000.\0002\000\040\000G\000a\000m\000m\000a}{subsection.4.6.2}% 40
\BOOKMARK [3][-]{subsubsection.4.6.2.3}{\376\377\0004\000.\0006\000.\0002\000.\0003\000\040\000h\000a\000s\000D\000o\000w\000n\000P\000a\000r\000t\000i\000c\000l\000e}{subsection.4.6.2}% 41
\BOOKMARK [3][-]{subsubsection.4.6.2.4}{\376\377\0004\000.\0006\000.\0002\000.\0004\000\040\000h\000a\000s\000L\000e\000f\000t\000P\000a\000r\000t\000i\000c\000l\000e}{subsection.4.6.2}% 42
\BOOKMARK [3][-]{subsubsection.4.6.2.5}{\376\377\0004\000.\0006\000.\0002\000.\0005\000\040\000h\000a\000s\000R\000i\000g\000h\000t\000P\000a\000r\000t\000i\000c\000l\000e}{subsection.4.6.2}% 43
\BOOKMARK [3][-]{subsubsection.4.6.2.6}{\376\377\0004\000.\0006\000.\0002\000.\0006\000\040\000h\000a\000s\000U\000p\000P\000a\000r\000t\000i\000c\000l\000e}{subsection.4.6.2}% 44
\BOOKMARK [2][-]{subsection.4.6.3}{\376\377\0004\000.\0006\000.\0003\000\040\000M\000e\000m\000b\000e\000r\000\040\000D\000a\000t\000a\000\040\000D\000o\000c\000u\000m\000e\000n\000t\000a\000t\000i\000o\000n}{section.4.6}% 45
\BOOKMARK [3][-]{subsubsection.4.6.3.1}{\376\377\0004\000.\0006\000.\0003\000.\0001\000\040\000d\000M\000o\000m\000e\000n\000t\000u\000m\000\137\000d\000T\000a\000u}{subsection.4.6.3}% 46
\BOOKMARK [3][-]{subsubsection.4.6.3.2}{\376\377\0004\000.\0006\000.\0003\000.\0002\000\040\000d\000o\000w\000n\000P\000a\000r\000t\000i\000c\000l\000e}{subsection.4.6.3}% 47
\BOOKMARK [3][-]{subsubsection.4.6.3.3}{\376\377\0004\000.\0006\000.\0003\000.\0003\000\040\000e\000n\000e\000r\000g\000y\000D\000e\000n\000s\000i\000t\000y}{subsection.4.6.3}% 48
\BOOKMARK [3][-]{subsubsection.4.6.3.4}{\376\377\0004\000.\0006\000.\0003\000.\0004\000\040\000e\000n\000t\000r\000o\000p\000y\000D\000e\000n\000s\000i\000t\000y}{subsection.4.6.3}% 49
\BOOKMARK [3][-]{subsubsection.4.6.3.5}{\376\377\0004\000.\0006\000.\0003\000.\0005\000\040\000e\000n\000t\000r\000o\000p\000y\000D\000e\000n\000s\000i\000t\000y\000W\000e\000i\000g\000h\000t}{subsection.4.6.3}% 50
\BOOKMARK [3][-]{subsubsection.4.6.3.6}{\376\377\0004\000.\0006\000.\0003\000.\0006\000\040\000e\000q\000u\000a\000t\000i\000o\000n\000O\000f\000M\000o\000t\000i\000o\000n}{subsection.4.6.3}% 51
\BOOKMARK [3][-]{subsubsection.4.6.3.7}{\376\377\0004\000.\0006\000.\0003\000.\0007\000\040\000l\000e\000f\000t\000P\000a\000r\000t\000i\000c\000l\000e}{subsection.4.6.3}% 52
\BOOKMARK [3][-]{subsubsection.4.6.3.8}{\376\377\0004\000.\0006\000.\0003\000.\0008\000\040\000m\000o\000m\000e\000n\000t\000u\000m}{subsection.4.6.3}% 53
\BOOKMARK [3][-]{subsubsection.4.6.3.9}{\376\377\0004\000.\0006\000.\0003\000.\0009\000\040\000p\000o\000s\000i\000t\000i\000o\000n}{subsection.4.6.3}% 54
\BOOKMARK [3][-]{subsubsection.4.6.3.10}{\376\377\0004\000.\0006\000.\0003\000.\0001\0000\000\040\000p\000r\000e\000s\000s\000u\000r\000e\000D\000e\000n\000s\000i\000t\000y}{subsection.4.6.3}% 55
\BOOKMARK [3][-]{subsubsection.4.6.3.11}{\376\377\0004\000.\0006\000.\0003\000.\0001\0001\000\040\000r\000i\000g\000h\000t\000P\000a\000r\000t\000i\000c\000l\000e}{subsection.4.6.3}% 56
\BOOKMARK [3][-]{subsubsection.4.6.3.12}{\376\377\0004\000.\0006\000.\0003\000.\0001\0002\000\040\000u\000p\000P\000a\000r\000t\000i\000c\000l\000e}{subsection.4.6.3}% 57
\BOOKMARK [3][-]{subsubsection.4.6.3.13}{\376\377\0004\000.\0006\000.\0003\000.\0001\0003\000\040\000v\000e\000l\000o\000c\000i\000t\000y}{subsection.4.6.3}% 58
\BOOKMARK [0][-]{chapter.5}{\376\377\0005\000\040\000F\000i\000l\000e\000\040\000D\000o\000c\000u\000m\000e\000n\000t\000a\000t\000i\000o\000n}{}% 59
\BOOKMARK [1][-]{section.5.1}{\376\377\0005\000.\0001\000\040\000/\000U\000s\000e\000r\000s\000/\000r\000a\000f\000a\000e\000l\000/\000D\000r\000o\000p\000b\000o\000x\000/\000s\000p\000h\000e\000n\000e\000/\000R\000E\000A\000D\000M\000E\000.\000m\000d\000\040\000F\000i\000l\000e\000\040\000R\000e\000f\000e\000r\000e\000n\000c\000e}{chapter.5}% 60
\BOOKMARK [1][-]{section.5.2}{\376\377\0005\000.\0002\000\040\000/\000U\000s\000e\000r\000s\000/\000r\000a\000f\000a\000e\000l\000/\000D\000r\000o\000p\000b\000o\000x\000/\000s\000p\000h\000e\000n\000e\000/\000s\000r\000c\000/\000e\000q\000u\000a\000t\000i\000o\000n\000O\000f\000M\000o\000t\000i\000o\000n\000.\000c\000p\000p\000\040\000F\000i\000l\000e\000\040\000R\000e\000f\000e\000r\000e\000n\000c\000e}{chapter.5}% 61
\BOOKMARK [1][-]{section.5.3}{\376\377\0005\000.\0003\000\040\000/\000U\000s\000e\000r\000s\000/\000r\000a\000f\000a\000e\000l\000/\000D\000r\000o\000p\000b\000o\000x\000/\000s\000p\000h\000e\000n\000e\000/\000s\000r\000c\000/\000e\000q\000u\000a\000t\000i\000o\000n\000O\000f\000M\000o\000t\000i\000o\000n\000.\000h\000\040\000F\000i\000l\000e\000\040\000R\000e\000f\000e\000r\000e\000n\000c\000e}{chapter.5}% 62
\BOOKMARK [1][-]{section.5.4}{\376\377\0005\000.\0004\000\040\000/\000U\000s\000e\000r\000s\000/\000r\000a\000f\000a\000e\000l\000/\000D\000r\000o\000p\000b\000o\000x\000/\000s\000p\000h\000e\000n\000e\000/\000s\000r\000c\000/\000e\000q\000u\000a\000t\000i\000o\000n\000O\000f\000S\000t\000a\000t\000e\000.\000c\000p\000p\000\040\000F\000i\000l\000e\000\040\000R\000e\000f\000e\000r\000e\000n\000c\000e}{chapter.5}% 63
\BOOKMARK [2][-]{subsection.5.4.1}{\376\377\0005\000.\0004\000.\0001\000\040\000V\000a\000r\000i\000a\000b\000l\000e\000\040\000D\000o\000c\000u\000m\000e\000n\000t\000a\000t\000i\000o\000n}{section.5.4}% 64
\BOOKMARK [3][-]{subsubsection.5.4.1.1}{\376\377\0005\000.\0004\000.\0001\000.\0001\000\040\000\137\000P\000I}{subsection.5.4.1}% 65
\BOOKMARK [1][-]{section.5.5}{\376\377\0005\000.\0005\000\040\000/\000U\000s\000e\000r\000s\000/\000r\000a\000f\000a\000e\000l\000/\000D\000r\000o\000p\000b\000o\000x\000/\000s\000p\000h\000e\000n\000e\000/\000s\000r\000c\000/\000e\000q\000u\000a\000t\000i\000o\000n\000O\000f\000S\000t\000a\000t\000e\000.\000h\000\040\000F\000i\000l\000e\000\040\000R\000e\000f\000e\000r\000e\000n\000c\000e}{chapter.5}% 66
\BOOKMARK [1][-]{section.5.6}{\376\377\0005\000.\0006\000\040\000/\000U\000s\000e\000r\000s\000/\000r\000a\000f\000a\000e\000l\000/\000D\000r\000o\000p\000b\000o\000x\000/\000s\000p\000h\000e\000n\000e\000/\000s\000r\000c\000/\000i\000d\000e\000a\000l\000E\000q\000u\000a\000t\000i\000o\000n\000O\000f\000S\000t\000a\000t\000e\000.\000c\000p\000p\000\040\000F\000i\000l\000e\000\040\000R\000e\000f\000e\000r\000e\000n\000c\000e}{chapter.5}% 67
\BOOKMARK [2][-]{subsection.5.6.1}{\376\377\0005\000.\0006\000.\0001\000\040\000V\000a\000r\000i\000a\000b\000l\000e\000\040\000D\000o\000c\000u\000m\000e\000n\000t\000a\000t\000i\000o\000n}{section.5.6}% 68
\BOOKMARK [3][-]{subsubsection.5.6.1.1}{\376\377\0005\000.\0006\000.\0001\000.\0001\000\040\000\137\000P\000I}{subsection.5.6.1}% 69
\BOOKMARK [1][-]{section.5.7}{\376\377\0005\000.\0007\000\040\000/\000U\000s\000e\000r\000s\000/\000r\000a\000f\000a\000e\000l\000/\000D\000r\000o\000p\000b\000o\000x\000/\000s\000p\000h\000e\000n\000e\000/\000s\000r\000c\000/\000i\000d\000e\000a\000l\000E\000q\000u\000a\000t\000i\000o\000n\000O\000f\000S\000t\000a\000t\000e\000.\000h\000\040\000F\000i\000l\000e\000\040\000R\000e\000f\000e\000r\000e\000n\000c\000e}{chapter.5}% 70
\BOOKMARK [1][-]{section.5.8}{\376\377\0005\000.\0008\000\040\000/\000U\000s\000e\000r\000s\000/\000r\000a\000f\000a\000e\000l\000/\000D\000r\000o\000p\000b\000o\000x\000/\000s\000p\000h\000e\000n\000e\000/\000s\000r\000c\000/\000k\000e\000r\000n\000e\000l\000F\000u\000n\000c\000t\000i\000o\000n\000.\000c\000p\000p\000\040\000F\000i\000l\000e\000\040\000R\000e\000f\000e\000r\000e\000n\000c\000e}{chapter.5}% 71
\BOOKMARK [2][-]{subsection.5.8.1}{\376\377\0005\000.\0008\000.\0001\000\040\000V\000a\000r\000i\000a\000b\000l\000e\000\040\000D\000o\000c\000u\000m\000e\000n\000t\000a\000t\000i\000o\000n}{section.5.8}% 72
\BOOKMARK [3][-]{subsubsection.5.8.1.1}{\376\377\0005\000.\0008\000.\0001\000.\0001\000\040\000G\000R\000A\000D\000\137\000W}{subsection.5.8.1}% 73
\BOOKMARK [3][-]{subsubsection.5.8.1.2}{\376\377\0005\000.\0008\000.\0001\000.\0002\000\040\000G\000R\000A\000D\000\137\000W\000\137\0002}{subsection.5.8.1}% 74
\BOOKMARK [3][-]{subsubsection.5.8.1.3}{\376\377\0005\000.\0008\000.\0001\000.\0003\000\040\000H}{subsection.5.8.1}% 75
\BOOKMARK [3][-]{subsubsection.5.8.1.4}{\376\377\0005\000.\0008\000.\0001\000.\0004\000\040\000P\000I}{subsection.5.8.1}% 76
\BOOKMARK [3][-]{subsubsection.5.8.1.5}{\376\377\0005\000.\0008\000.\0001\000.\0005\000\040\000W}{subsection.5.8.1}% 77
\BOOKMARK [3][-]{subsubsection.5.8.1.6}{\376\377\0005\000.\0008\000.\0001\000.\0006\000\040\000W\000\137\0002}{subsection.5.8.1}% 78
\BOOKMARK [1][-]{section.5.9}{\376\377\0005\000.\0009\000\040\000/\000U\000s\000e\000r\000s\000/\000r\000a\000f\000a\000e\000l\000/\000D\000r\000o\000p\000b\000o\000x\000/\000s\000p\000h\000e\000n\000e\000/\000s\000r\000c\000/\000k\000e\000r\000n\000e\000l\000F\000u\000n\000c\000t\000i\000o\000n\000.\000h\000\040\000F\000i\000l\000e\000\040\000R\000e\000f\000e\000r\000e\000n\000c\000e}{chapter.5}% 79
\BOOKMARK [1][-]{section.5.10}{\376\377\0005\000.\0001\0000\000\040\000/\000U\000s\000e\000r\000s\000/\000r\000a\000f\000a\000e\000l\000/\000D\000r\000o\000p\000b\000o\000x\000/\000s\000p\000h\000e\000n\000e\000/\000s\000r\000c\000/\000m\000a\000i\000n\000.\000c\000p\000p\000\040\000F\000i\000l\000e\000\040\000R\000e\000f\000e\000r\000e\000n\000c\000e}{chapter.5}% 80
\BOOKMARK [2][-]{subsection.5.10.1}{\376\377\0005\000.\0001\0000\000.\0001\000\040\000F\000u\000n\000c\000t\000i\000o\000n\000\040\000D\000o\000c\000u\000m\000e\000n\000t\000a\000t\000i\000o\000n}{section.5.10}% 81
\BOOKMARK [3][-]{subsubsection.5.10.1.1}{\376\377\0005\000.\0001\0000\000.\0001\000.\0001\000\040\000m\000a\000i\000n}{subsection.5.10.1}% 82
\BOOKMARK [1][-]{section.5.11}{\376\377\0005\000.\0001\0001\000\040\000/\000U\000s\000e\000r\000s\000/\000r\000a\000f\000a\000e\000l\000/\000D\000r\000o\000p\000b\000o\000x\000/\000s\000p\000h\000e\000n\000e\000/\000s\000r\000c\000/\000s\000p\000h\000E\000q\000u\000a\000t\000i\000o\000n\000.\000c\000p\000p\000\040\000F\000i\000l\000e\000\040\000R\000e\000f\000e\000r\000e\000n\000c\000e}{chapter.5}% 83
\BOOKMARK [1][-]{section.5.12}{\376\377\0005\000.\0001\0002\000\040\000/\000U\000s\000e\000r\000s\000/\000r\000a\000f\000a\000e\000l\000/\000D\000r\000o\000p\000b\000o\000x\000/\000s\000p\000h\000e\000n\000e\000/\000s\000r\000c\000/\000s\000p\000h\000E\000q\000u\000a\000t\000i\000o\000n\000.\000h\000\040\000F\000i\000l\000e\000\040\000R\000e\000f\000e\000r\000e\000n\000c\000e}{chapter.5}% 84
\BOOKMARK [1][-]{section.5.13}{\376\377\0005\000.\0001\0003\000\040\000/\000U\000s\000e\000r\000s\000/\000r\000a\000f\000a\000e\000l\000/\000D\000r\000o\000p\000b\000o\000x\000/\000s\000p\000h\000e\000n\000e\000/\000s\000r\000c\000/\000s\000p\000h\000P\000a\000r\000t\000i\000c\000l\000e\000.\000c\000p\000p\000\040\000F\000i\000l\000e\000\040\000R\000e\000f\000e\000r\000e\000n\000c\000e}{chapter.5}% 85
\BOOKMARK [1][-]{section.5.14}{\376\377\0005\000.\0001\0004\000\040\000/\000U\000s\000e\000r\000s\000/\000r\000a\000f\000a\000e\000l\000/\000D\000r\000o\000p\000b\000o\000x\000/\000s\000p\000h\000e\000n\000e\000/\000s\000r\000c\000/\000s\000p\000h\000P\000a\000r\000t\000i\000c\000l\000e\000.\000h\000\040\000F\000i\000l\000e\000\040\000R\000e\000f\000e\000r\000e\000n\000c\000e}{chapter.5}% 86
\BOOKMARK [1][-]{section.5.15}{\376\377\0005\000.\0001\0005\000\040\000/\000U\000s\000e\000r\000s\000/\000r\000a\000f\000a\000e\000l\000/\000D\000r\000o\000p\000b\000o\000x\000/\000s\000p\000h\000e\000n\000e\000/\000s\000r\000c\000/\000v\000e\000c\000t\000o\000r\000.\000c\000p\000p\000\040\000F\000i\000l\000e\000\040\000R\000e\000f\000e\000r\000e\000n\000c\000e}{chapter.5}% 87
\BOOKMARK [2][-]{subsection.5.15.1}{\376\377\0005\000.\0001\0005\000.\0001\000\040\000F\000u\000n\000c\000t\000i\000o\000n\000\040\000D\000o\000c\000u\000m\000e\000n\000t\000a\000t\000i\000o\000n}{section.5.15}% 88
\BOOKMARK [3][-]{subsubsection.5.15.1.1}{\376\377\0005\000.\0001\0005\000.\0001\000.\0001\000\040\000n\000o\000r\000m\000O\000f}{subsection.5.15.1}% 89
\BOOKMARK [3][-]{subsubsection.5.15.1.2}{\376\377\0005\000.\0001\0005\000.\0001\000.\0002\000\040\000o\000p\000e\000r\000a\000t\000o\000r}{subsection.5.15.1}% 90
\BOOKMARK [3][-]{subsubsection.5.15.1.3}{\376\377\0005\000.\0001\0005\000.\0001\000.\0003\000\040\000o\000p\000e\000r\000a\000t\000o\000r}{subsection.5.15.1}% 91
\BOOKMARK [3][-]{subsubsection.5.15.1.4}{\376\377\0005\000.\0001\0005\000.\0001\000.\0004\000\040\000o\000p\000e\000r\000a\000t\000o\000r\000+}{subsection.5.15.1}% 92
\BOOKMARK [3][-]{subsubsection.5.15.1.5}{\376\377\0005\000.\0001\0005\000.\0001\000.\0005\000\040\000o\000p\000e\000r\000a\000t\000o\000r\000-}{subsection.5.15.1}% 93
\BOOKMARK [1][-]{section.5.16}{\376\377\0005\000.\0001\0006\000\040\000/\000U\000s\000e\000r\000s\000/\000r\000a\000f\000a\000e\000l\000/\000D\000r\000o\000p\000b\000o\000x\000/\000s\000p\000h\000e\000n\000e\000/\000s\000r\000c\000/\000v\000e\000c\000t\000o\000r\000.\000h\000\040\000F\000i\000l\000e\000\040\000R\000e\000f\000e\000r\000e\000n\000c\000e}{chapter.5}% 94
\BOOKMARK [2][-]{subsection.5.16.1}{\376\377\0005\000.\0001\0006\000.\0001\000\040\000F\000u\000n\000c\000t\000i\000o\000n\000\040\000D\000o\000c\000u\000m\000e\000n\000t\000a\000t\000i\000o\000n}{section.5.16}% 95
\BOOKMARK [3][-]{subsubsection.5.16.1.1}{\376\377\0005\000.\0001\0006\000.\0001\000.\0001\000\040\000n\000o\000r\000m\000O\000f}{subsection.5.16.1}% 96
\BOOKMARK [3][-]{subsubsection.5.16.1.2}{\376\377\0005\000.\0001\0006\000.\0001\000.\0002\000\040\000o\000p\000e\000r\000a\000t\000o\000r}{subsection.5.16.1}% 97
\BOOKMARK [3][-]{subsubsection.5.16.1.3}{\376\377\0005\000.\0001\0006\000.\0001\000.\0003\000\040\000o\000p\000e\000r\000a\000t\000o\000r}{subsection.5.16.1}% 98
\BOOKMARK [3][-]{subsubsection.5.16.1.4}{\376\377\0005\000.\0001\0006\000.\0001\000.\0004\000\040\000o\000p\000e\000r\000a\000t\000o\000r\000+}{subsection.5.16.1}% 99
\BOOKMARK [3][-]{subsubsection.5.16.1.5}{\376\377\0005\000.\0001\0006\000.\0001\000.\0005\000\040\000o\000p\000e\000r\000a\000t\000o\000r\000-}{subsection.5.16.1}% 100
\BOOKMARK [1][-]{section.5.17}{\376\377\0005\000.\0001\0007\000\040\000/\000U\000s\000e\000r\000s\000/\000r\000a\000f\000a\000e\000l\000/\000D\000r\000o\000p\000b\000o\000x\000/\000s\000p\000h\000e\000n\000e\000/\000t\000e\000s\000t\000/\000u\000n\000i\000t\000T\000e\000s\000t\000s\000.\000c\000p\000p\000\040\000F\000i\000l\000e\000\040\000R\000e\000f\000e\000r\000e\000n\000c\000e}{chapter.5}% 101
\BOOKMARK [2][-]{subsection.5.17.1}{\376\377\0005\000.\0001\0007\000.\0001\000\040\000F\000u\000n\000c\000t\000i\000o\000n\000\040\000D\000o\000c\000u\000m\000e\000n\000t\000a\000t\000i\000o\000n}{section.5.17}% 102
\BOOKMARK [3][-]{subsubsection.5.17.1.1}{\376\377\0005\000.\0001\0007\000.\0001\000.\0001\000\040\000m\000a\000i\000n}{subsection.5.17.1}% 103
\BOOKMARK [3][-]{subsubsection.5.17.1.2}{\376\377\0005\000.\0001\0007\000.\0001\000.\0002\000\040\000T\000E\000S\000T}{subsection.5.17.1}% 104
\BOOKMARK [3][-]{subsubsection.5.17.1.3}{\376\377\0005\000.\0001\0007\000.\0001\000.\0003\000\040\000T\000E\000S\000T}{subsection.5.17.1}% 105
\BOOKMARK [3][-]{subsubsection.5.17.1.4}{\376\377\0005\000.\0001\0007\000.\0001\000.\0004\000\040\000T\000E\000S\000T}{subsection.5.17.1}% 106
\BOOKMARK [3][-]{subsubsection.5.17.1.5}{\376\377\0005\000.\0001\0007\000.\0001\000.\0005\000\040\000T\000E\000S\000T}{subsection.5.17.1}% 107
\BOOKMARK [3][-]{subsubsection.5.17.1.6}{\376\377\0005\000.\0001\0007\000.\0001\000.\0006\000\040\000T\000E\000S\000T}{subsection.5.17.1}% 108
\BOOKMARK [3][-]{subsubsection.5.17.1.7}{\376\377\0005\000.\0001\0007\000.\0001\000.\0007\000\040\000T\000E\000S\000T}{subsection.5.17.1}% 109
\BOOKMARK [3][-]{subsubsection.5.17.1.8}{\376\377\0005\000.\0001\0007\000.\0001\000.\0008\000\040\000T\000E\000S\000T}{subsection.5.17.1}% 110
\BOOKMARK [3][-]{subsubsection.5.17.1.9}{\376\377\0005\000.\0001\0007\000.\0001\000.\0009\000\040\000v\000e\000l\000o\000c\000i\000t\000y}{subsection.5.17.1}% 111
\BOOKMARK [0][-]{section*.22}{\376\377\000I\000n\000d\000e\000x}{}% 112
